2020-12-09 11:25:25.784  INFO 15672 --- [restartedMain] c.b.StartBayiApplication                 : Starting StartBayiApplication on LAPTOP-7770 with PID 15672 (D:\pcyuen00\Tutor\workspace\bayibot\bayi-web\target\classes started by User in D:\pcyuen00\Tutor\workspace\bayibot\bayi-web)
2020-12-09 11:25:25.790  INFO 15672 --- [restartedMain] c.b.StartBayiApplication                 : The following profiles are active: demo
2020-12-09 11:25:25.833  INFO 15672 --- [restartedMain] .e.DevToolsPropertyDefaultsPostProcessor : Devtools property defaults active! Set 'spring.devtools.add-properties' to 'false' to disable
2020-12-09 11:25:25.833  INFO 15672 --- [restartedMain] .e.DevToolsPropertyDefaultsPostProcessor : For additional web related logging consider setting the 'logging.level.web' property to 'DEBUG'
2020-12-09 11:25:26.561  INFO 15672 --- [restartedMain] .s.d.r.c.RepositoryConfigurationDelegate : Bootstrapping Spring Data repositories in DEFAULT mode.
2020-12-09 11:25:26.629  INFO 15672 --- [restartedMain] .s.d.r.c.RepositoryConfigurationDelegate : Finished Spring Data repository scanning in 63ms. Found 1 repository interfaces.
2020-12-09 11:25:26.993  INFO 15672 --- [restartedMain] trationDelegate$BeanPostProcessorChecker : Bean 'org.springframework.transaction.annotation.ProxyTransactionManagementConfiguration' of type [org.springframework.transaction.annotation.ProxyTransactionManagementConfiguration$$EnhancerBySpringCGLIB$$7cb020c9] is not eligible for getting processed by all BeanPostProcessors (for example: not eligible for auto-proxying)
2020-12-09 11:25:27.476  INFO 15672 --- [restartedMain] o.s.b.w.e.t.TomcatWebServer              : Tomcat initialized with port(s): 8081 (http)
2020-12-09 11:25:27.502  INFO 15672 --- [restartedMain] o.a.c.c.StandardService                  : Starting service [Tomcat]
2020-12-09 11:25:27.503  INFO 15672 --- [restartedMain] o.a.c.c.StandardEngine                   : Starting Servlet engine: [Apache Tomcat/9.0.14]
2020-12-09 11:25:27.512  INFO 15672 --- [restartedMain] o.a.c.c.AprLifecycleListener             : The APR based Apache Tomcat Native library which allows optimal performance in production environments was not found on the java.library.path: [C:\Program Files\Java\jdk-15.0.1\bin;C:\WINDOWS\Sun\Java\bin;C:\WINDOWS\system32;C:\WINDOWS;C:\Program Files (x86)\VMware\VMware Workstation\bin\;C:\Program Files\Common Files\Oracle\Java\javapath;D:\Program Files (x86)\Windows Resource Kits\Tools\;D:\jdk8u172-b11\bin;C:\Windows\system32;C:\Windows;C:\Windows\System32\Wbem;C:\Windows\System32\WindowsPowerShell\v1.0\;C:\Windows\System32\OpenSSH\;C:\Program Files (x86)\NVIDIA Corporation\PhysX\Common;C:\Program Files\TortoiseSVN\bin;C:\Program Files\MySQL\MySQL Server 8.0\bin;D:\software\apache-maven-3.5.0\bin;D:\Program Files\PuTTY\;D:\Program Files\svn\bin\;C:\Program Files\nodejs\;C:\WINDOWS\system32;C:\WINDOWS;C:\WINDOWS\System32\Wbem;C:\WINDOWS\System32\WindowsPowerShell\v1.0\;C:\WINDOWS\System32\OpenSSH\;C:\Program Files (x86)\NoteBook FanControl\;d:\Program Files\Microsoft VS Code\bin;d:\Program Files\Git\cmd;C:\Users\User\AppData\Local\Microsoft\WindowsApps;C:\Users\User\AppData\Roaming\npm;C:\Users\User\AppData\Local\Programs\Python\Python39\Scripts;;.]
2020-12-09 11:25:27.648  INFO 15672 --- [restartedMain] o.a.c.c.C.[.[.[/]                        : Initializing Spring embedded WebApplicationContext
2020-12-09 11:25:27.648  INFO 15672 --- [restartedMain] o.s.w.c.ContextLoader                    : Root WebApplicationContext: initialization completed in 1814 ms
2020-12-09 11:25:27.864  INFO 15672 --- [restartedMain] c.z.h.HikariDataSource                   : HikariPool-1 - Starting...
2020-12-09 11:25:27.977  INFO 15672 --- [restartedMain] c.z.h.HikariDataSource                   : HikariPool-1 - Start completed.
2020-12-09 11:25:28.056  INFO 15672 --- [restartedMain] o.h.j.i.u.LogHelper                      : HHH000204: Processing PersistenceUnitInfo [
	name: default
	...]
2020-12-09 11:25:28.123  INFO 15672 --- [restartedMain] o.h.Version                              : HHH000412: Hibernate Core {5.3.7.Final}
2020-12-09 11:25:28.125  INFO 15672 --- [restartedMain] o.h.c.Environment                        : HHH000206: hibernate.properties not found
2020-12-09 11:25:28.292  INFO 15672 --- [restartedMain] o.h.a.c.Version                          : HCANN000001: Hibernate Commons Annotations {5.0.4.Final}
2020-12-09 11:25:28.438  INFO 15672 --- [restartedMain] o.h.d.Dialect                            : HHH000400: Using dialect: org.hibernate.dialect.PostgreSQL95Dialect
2020-12-09 11:25:28.703  INFO 15672 --- [restartedMain] o.h.e.j.e.i.LobCreatorBuilderImpl        : HHH000424: Disabling contextual LOB creation as createClob() method threw error : java.lang.reflect.InvocationTargetException
2020-12-09 11:25:28.710  INFO 15672 --- [restartedMain] o.h.t.BasicTypeRegistry                  : HHH000270: Type registration [java.util.UUID] overrides previous : org.hibernate.type.UUIDBinaryType@7f6a046e
2020-12-09 11:25:29.188  INFO 15672 --- [restartedMain] j.LocalContainerEntityManagerFactoryBean : Initialized JPA EntityManagerFactory for persistence unit 'default'
2020-12-09 11:25:29.675  INFO 15672 --- [restartedMain] o.s.s.c.ThreadPoolTaskExecutor           : Initializing ExecutorService 'applicationTaskExecutor'
2020-12-09 11:25:29.719  WARN 15672 --- [restartedMain] aWebConfiguration$JpaWebMvcConfiguration : spring.jpa.open-in-view is enabled by default. Therefore, database queries may be performed during view rendering. Explicitly configure spring.jpa.open-in-view to disable this warning
2020-12-09 11:25:29.882  INFO 15672 --- [restartedMain] o.s.b.d.a.OptionalLiveReloadServer       : LiveReload server is running on port 35729
2020-12-09 11:25:29.940  INFO 15672 --- [restartedMain] o.s.b.w.e.t.TomcatWebServer              : Tomcat started on port(s): 8081 (http) with context path ''
2020-12-09 11:25:29.942  INFO 15672 --- [restartedMain] c.b.StartBayiApplication                 : Started StartBayiApplication in 4.541 seconds (JVM running for 5.17)
2020-12-09 11:25:29.944  INFO 15672 --- [restartedMain] c.b.s.c.CovidServiceImpl                 : Let's inspect the beans provided by Spring Boot v0.1:
2020-12-09 11:25:43.498  INFO 15672 --- [Thread-6] o.s.s.c.ThreadPoolTaskExecutor           : Shutting down ExecutorService 'applicationTaskExecutor'
2020-12-09 11:25:43.498  INFO 15672 --- [Thread-6] j.LocalContainerEntityManagerFactoryBean : Closing JPA EntityManagerFactory for persistence unit 'default'
2020-12-09 11:25:43.500  INFO 15672 --- [Thread-6] c.z.h.HikariDataSource                   : HikariPool-1 - Shutdown initiated...
2020-12-09 11:25:43.502  INFO 15672 --- [Thread-6] c.z.h.HikariDataSource                   : HikariPool-1 - Shutdown completed.
2020-12-09 11:25:43.620  INFO 15672 --- [restartedMain] c.b.StartBayiApplication                 : Starting StartBayiApplication on LAPTOP-7770 with PID 15672 (D:\pcyuen00\Tutor\workspace\bayibot\bayi-web\target\classes started by User in D:\pcyuen00\Tutor\workspace\bayibot\bayi-web)
2020-12-09 11:25:43.621  INFO 15672 --- [restartedMain] c.b.StartBayiApplication                 : The following profiles are active: demo
2020-12-09 11:25:43.926  INFO 15672 --- [restartedMain] .s.d.r.c.RepositoryConfigurationDelegate : Bootstrapping Spring Data repositories in DEFAULT mode.
2020-12-09 11:25:43.951  INFO 15672 --- [restartedMain] .s.d.r.c.RepositoryConfigurationDelegate : Finished Spring Data repository scanning in 24ms. Found 1 repository interfaces.
2020-12-09 11:25:44.014  INFO 15672 --- [restartedMain] trationDelegate$BeanPostProcessorChecker : Bean 'org.springframework.transaction.annotation.ProxyTransactionManagementConfiguration' of type [org.springframework.transaction.annotation.ProxyTransactionManagementConfiguration$$EnhancerBySpringCGLIB$$7cb020c9] is not eligible for getting processed by all BeanPostProcessors (for example: not eligible for auto-proxying)
2020-12-09 11:25:44.097  INFO 15672 --- [restartedMain] o.s.b.w.e.t.TomcatWebServer              : Tomcat initialized with port(s): 8081 (http)
2020-12-09 11:25:44.099  INFO 15672 --- [restartedMain] o.a.c.c.StandardService                  : Starting service [Tomcat]
2020-12-09 11:25:44.100  INFO 15672 --- [restartedMain] o.a.c.c.StandardEngine                   : Starting Servlet engine: [Apache Tomcat/9.0.14]
2020-12-09 11:25:44.129  INFO 15672 --- [restartedMain] o.a.c.c.C.[.[.[/]                        : Initializing Spring embedded WebApplicationContext
2020-12-09 11:25:44.130  INFO 15672 --- [restartedMain] o.s.w.c.ContextLoader                    : Root WebApplicationContext: initialization completed in 506 ms
2020-12-09 11:25:44.192  INFO 15672 --- [restartedMain] c.z.h.HikariDataSource                   : HikariPool-2 - Starting...
2020-12-09 11:25:44.203  INFO 15672 --- [restartedMain] c.z.h.HikariDataSource                   : HikariPool-2 - Start completed.
2020-12-09 11:25:44.211  INFO 15672 --- [restartedMain] o.h.j.i.u.LogHelper                      : HHH000204: Processing PersistenceUnitInfo [
	name: default
	...]
2020-12-09 11:25:44.223  INFO 15672 --- [restartedMain] o.h.d.Dialect                            : HHH000400: Using dialect: org.hibernate.dialect.PostgreSQL95Dialect
2020-12-09 11:25:44.447  INFO 15672 --- [restartedMain] o.h.e.j.e.i.LobCreatorBuilderImpl        : HHH000424: Disabling contextual LOB creation as createClob() method threw error : java.lang.reflect.InvocationTargetException
2020-12-09 11:25:44.448  INFO 15672 --- [restartedMain] o.h.t.BasicTypeRegistry                  : HHH000270: Type registration [java.util.UUID] overrides previous : org.hibernate.type.UUIDBinaryType@7f6a046e
2020-12-09 11:25:44.536  INFO 15672 --- [restartedMain] j.LocalContainerEntityManagerFactoryBean : Initialized JPA EntityManagerFactory for persistence unit 'default'
2020-12-09 11:25:44.678  INFO 15672 --- [restartedMain] o.s.s.c.ThreadPoolTaskExecutor           : Initializing ExecutorService 'applicationTaskExecutor'
2020-12-09 11:25:44.685  WARN 15672 --- [restartedMain] aWebConfiguration$JpaWebMvcConfiguration : spring.jpa.open-in-view is enabled by default. Therefore, database queries may be performed during view rendering. Explicitly configure spring.jpa.open-in-view to disable this warning
2020-12-09 11:25:44.766  INFO 15672 --- [restartedMain] o.s.b.d.a.OptionalLiveReloadServer       : LiveReload server is running on port 35729
2020-12-09 11:25:44.784  INFO 15672 --- [restartedMain] o.s.b.w.e.t.TomcatWebServer              : Tomcat started on port(s): 8081 (http) with context path ''
2020-12-09 11:25:44.785  INFO 15672 --- [restartedMain] c.b.StartBayiApplication                 : Started StartBayiApplication in 1.203 seconds (JVM running for 20.014)
2020-12-09 11:25:44.787  INFO 15672 --- [restartedMain] .ConditionEvaluationDeltaLoggingListener : Condition evaluation unchanged
2020-12-09 11:25:44.787  INFO 15672 --- [restartedMain] c.b.s.c.CovidServiceImpl                 : Let's inspect the beans provided by Spring Boot v0.1:
2020-12-09 11:26:10.346  INFO 15672 --- [Thread-10] o.s.s.c.ThreadPoolTaskExecutor           : Shutting down ExecutorService 'applicationTaskExecutor'
2020-12-09 11:26:10.346  INFO 15672 --- [Thread-10] j.LocalContainerEntityManagerFactoryBean : Closing JPA EntityManagerFactory for persistence unit 'default'
2020-12-09 11:26:10.347  INFO 15672 --- [Thread-10] c.z.h.HikariDataSource                   : HikariPool-2 - Shutdown initiated...
2020-12-09 11:26:10.348  INFO 15672 --- [Thread-10] c.z.h.HikariDataSource                   : HikariPool-2 - Shutdown completed.
